<?xml version="1.0" encoding="UTF-8"?>
<testsuite name="com.phonebook.tests.RemoveContactTests" tests="1" skipped="0" failures="0" errors="0" timestamp="2025-07-21T22:03:44.181Z" hostname="DESKTOP-VKSH8H0" time="11.792">
  <properties/>
  <testcase name="removeContactTest" classname="com.phonebook.tests.RemoveContactTests" time="11.792"/>
  <system-out><![CDATA[01:03:32.473 [Test worker] INFO  com.phonebook.core.TestBase -- Start test removeContactTest with data: []
01:03:55.973 [Test worker] INFO  com.phonebook.core.TestBase -- PASSED: removeContactTest
01:03:55.973 [Test worker] INFO  com.phonebook.core.TestBase -- Stop test
01:03:55.973 [Test worker] INFO  com.phonebook.core.TestBase -- ==========================================
]]></system-out>
  <system-err><![CDATA[]]></system-err>
</testsuite>
